  tinySTL.cpp
e:\c++\tinystl\tinystl\tiny_deque.h(346): warning C4018: “<”: 有符号/无符号不匹配
  e:\c++\tinystl\tinystl\tiny_deque.h(342): note: 编译 类 模板 成员函数 "tinySTL::deque_iterator<T> tinySTL::deque<T,tinySTL::Alloc>::erase(tinySTL::deque_iterator<T>)" 时
          with
          [
              T=int
          ]
  e:\c++\tinystl\tinystl\tinystl.cpp(87): note: 参见对正在编译的函数 模板 实例化“tinySTL::deque_iterator<T> tinySTL::deque<T,tinySTL::Alloc>::erase(tinySTL::deque_iterator<T>)”的引用
          with
          [
              T=int
          ]
  e:\c++\tinystl\tinystl\tinystl.cpp(54): note: 参见对正在编译的 类 模板 实例化 "tinySTL::deque<int,tinySTL::Alloc>" 的引用
d:\vs2017\vs2017\vc\tools\msvc\14.10.25017\include\xutility(701): error C2665: “std::_Idl_distance1”: 2 个重载中没有一个可以转换所有参数类型
  d:\vs2017\vs2017\vc\tools\msvc\14.10.25017\include\xutility(693): note: 可能是“int std::_Idl_distance1<_Iter>(const _Iter &,const _Iter &,std::random_access_iterator_tag)”
          with
          [
              _Iter=tinySTL::deque_iterator<int>
          ]
  d:\vs2017\vs2017\vc\tools\msvc\14.10.25017\include\xutility(687): note: 或    “std::_Distance_unknown std::_Idl_distance1<_Iter>(const _Iter &,const _Iter &,std::input_iterator_tag)”
          with
          [
              _Iter=tinySTL::deque_iterator<int>
          ]
  d:\vs2017\vs2017\vc\tools\msvc\14.10.25017\include\xutility(701): note: 尝试匹配参数列表“(const tinySTL::deque_iterator<T>, const tinySTL::deque_iterator<T>, tinySTL::random_access_iterator_tag)”时
          with
          [
              T=int
          ]
  d:\vs2017\vs2017\vc\tools\msvc\14.10.25017\include\xutility(2522): note: 参见对正在编译的函数 模板 实例化“auto std::_Idl_distance<_Iter>(const _Iter &,const _Iter &)”的引用
          with
          [
              _Iter=tinySTL::deque_iterator<int>
          ]
  e:\c++\tinystl\tinystl\tiny_deque.h(347): note: 参见对正在编译的函数 模板 实例化“_BidIt2 std::copy_backward<tinySTL::deque_iterator<T>,tinySTL::deque_iterator<T>>(_BidIt1,_BidIt1,_BidIt2)”的引用
          with
          [
              _BidIt2=tinySTL::deque_iterator<int>,
              T=int,
              _BidIt1=tinySTL::deque_iterator<int>
          ]
  e:\c++\tinystl\tinystl\tiny_deque.h(342): note: 编译 类 模板 成员函数 "tinySTL::deque_iterator<T> tinySTL::deque<T,tinySTL::Alloc>::erase(tinySTL::deque_iterator<T>)" 时
          with
          [
              T=int
          ]
  e:\c++\tinystl\tinystl\tinystl.cpp(87): note: 参见对正在编译的函数 模板 实例化“tinySTL::deque_iterator<T> tinySTL::deque<T,tinySTL::Alloc>::erase(tinySTL::deque_iterator<T>)”的引用
          with
          [
              T=int
          ]
d:\vs2017\vs2017\vc\tools\msvc\14.10.25017\include\xutility(2522): error C2664: “auto std::_Unchecked_n_backward<_BidIt2>(_Iter,std::_Distance_unknown)”: 无法将参数 2 从“void”转换为“std::_Distance_unknown”
          with
          [
              _BidIt2=tinySTL::deque_iterator<int>,
              _Iter=tinySTL::deque_iterator<int>
          ]
  d:\vs2017\vs2017\vc\tools\msvc\14.10.25017\include\xutility(2522): note: void 类型的表达式不能转换为其他类型
d:\vs2017\vs2017\vc\tools\msvc\14.10.25017\include\xutility(2522): error C2789: “_UDest”: 必须初始化常量限定类型的对象
  d:\vs2017\vs2017\vc\tools\msvc\14.10.25017\include\xutility(2522): note: 参见“_UDest”的声明
d:\vs2017\vs2017\vc\tools\msvc\14.10.25017\include\xutility(2524): error C3536: “_UDest”: 初始化之前无法使用
d:\vs2017\vs2017\vc\tools\msvc\14.10.25017\include\xutility(2518): warning C4996: 'std::copy_backward::_Unchecked_iterators::_Deprecate': Call to 'std::copy_backward' with parameters that may be unsafe - this call relies on the caller to check that the passed values are correct. To disable this warning, use -D_SCL_SECURE_NO_WARNINGS. See documentation on how to use Visual C++ 'Checked Iterators'
  d:\vs2017\vs2017\vc\tools\msvc\14.10.25017\include\xutility(2518): note: 参见“std::copy_backward::_Unchecked_iterators::_Deprecate”的声明
d:\vs2017\vs2017\vc\tools\msvc\14.10.25017\include\xutility(2350): warning C4996: 'std::copy::_Unchecked_iterators::_Deprecate': Call to 'std::copy' with parameters that may be unsafe - this call relies on the caller to check that the passed values are correct. To disable this warning, use -D_SCL_SECURE_NO_WARNINGS. See documentation on how to use Visual C++ 'Checked Iterators'
  d:\vs2017\vs2017\vc\tools\msvc\14.10.25017\include\xutility(2350): note: 参见“std::copy::_Unchecked_iterators::_Deprecate”的声明
  e:\c++\tinystl\tinystl\tiny_deque.h(351): note: 参见对正在编译的函数 模板 实例化“_OutIt std::copy<tinySTL::deque_iterator<T>,tinySTL::deque_iterator<T>>(_InIt,_InIt,_OutIt)”的引用
          with
          [
              _OutIt=tinySTL::deque_iterator<int>,
              T=int,
              _InIt=tinySTL::deque_iterator<int>
          ]
